Build started 15.05.2016 23:22:09.
     1>Project "C:\Games\HW\simuni\11\2\2\2.vcxproj" on node 2 (Build target(s)).
     1>ClCompile:
         C:\Program Files (x86)\Microsoft Visual Studio 11.0\VC\bin\CL.exe /c /ZI /nologo /W3 /WX- /Od /Oy- /D WIN32 /D _DEBUG /D _CONSOLE /D _UNICODE /D UNICODE /Gm /EHsc /RTC1 /MDd /GS /fp:precise /Zc:wchar_t /Zc:forScope /Fo"Debug\\" /Fd"Debug\vc110.pdb" /Gd /TP /analyze- /errorReport:prompt 2.cpp
         2.cpp
     1>c:\games\hw\simuni\11\2\2\2.cpp(7): error C2910: 'std::numeric_limits<int>::max' : cannot be explicitly specialized
     1>Done Building Project "C:\Games\HW\simuni\11\2\2\2.vcxproj" (Build target(s)) -- FAILED.

Build FAILED.

Time Elapsed 00:00:01.21
